


Started GET "/" for ::1 at 2016-10-13 11:24:47 -0400
  [1m[36mActiveRecord::SchemaMigration Load (0.4ms)[0m  [1mSELECT "schema_migrations".* FROM "schema_migrations"[0m
Processing by HomeController#show as HTML
  Rendered home/show.html.erb within layouts/application (1.1ms)
Completed 200 OK in 261ms (Views: 248.9ms | ActiveRecord: 0.0ms)


Started GET "/auth/twitter?force_login=true" for ::1 at 2016-10-13 11:24:49 -0400


Started GET "/auth/twitter?force_login=true" for ::1 at 2016-10-13 11:24:50 -0400


Started GET "/auth/twitter/callback?force_login=true&oauth_token=hs3DdgAAAAAAxd2fAAABV76lOm0&oauth_verifier=wfWwMpeMKfQ8PlZo0IaeoFT1MPdIK6Gi" for ::1 at 2016-10-13 11:25:07 -0400
Processing by SessionsController#create as HTML
  Parameters: {"force_login"=>"true", "oauth_token"=>"hs3DdgAAAAAAxd2fAAABV76lOm0", "oauth_verifier"=>"wfWwMpeMKfQ8PlZo0IaeoFT1MPdIK6Gi", "provider"=>"twitter"}
  [1m[35mUser Load (0.6ms)[0m  SELECT  "users".* FROM "users" WHERE "users"."provider" = $1 AND "users"."uid" = $2  ORDER BY "users"."id" ASC LIMIT 1  [["provider", "twitter"], ["uid", "224815943"]]
  [1m[36m (0.1ms)[0m  [1mBEGIN[0m
  [1m[35mSQL (1.2ms)[0m  UPDATE "users" SET "oauth_token" = $1, "oauth_secret" = $2, "updated_at" = $3 WHERE "users"."id" = $4  [["oauth_token", "224815943-Xl6jjWVQC9l6Thqh2WeK039ud2ilkBCDtxkkPLM1"], ["oauth_secret", "UOtpREJIIKwmpxefN55OZB20FKauELe1Yvgf46zjWj4WJ"], ["updated_at", "2016-10-13 15:25:07.983359"], ["id", 1]]
  [1m[36m (1.1ms)[0m  [1mCOMMIT[0m
Redirected to http://localhost:3000/
Completed 302 Found in 28ms (ActiveRecord: 6.9ms)


Started GET "/" for ::1 at 2016-10-13 11:25:07 -0400
Processing by HomeController#show as HTML
  [1m[35mUser Load (0.3ms)[0m  SELECT  "users".* FROM "users" WHERE "users"."id" = $1 LIMIT 1  [["id", 1]]
  Rendered home/show.html.erb within layouts/application (3.0ms)
Completed 200 OK in 33ms (Views: 32.5ms | ActiveRecord: 0.3ms)


Started GET "/tweets/new" for ::1 at 2016-10-13 11:25:10 -0400
Processing by TweetsController#new as HTML
  Rendered tweets/new.html.erb within layouts/application (19.8ms)
  [1m[36mUser Load (0.4ms)[0m  [1mSELECT  "users".* FROM "users" WHERE "users"."id" = $1 LIMIT 1[0m  [["id", 1]]
Completed 200 OK in 77ms (Views: 64.8ms | ActiveRecord: 0.4ms)


Started POST "/tweets" for ::1 at 2016-10-13 11:25:12 -0400
Processing by TweetsController#create as HTML
  Parameters: {"utf8"=>"✓", "authenticity_token"=>"zeCK3Po40U5aUrU5TQXGAw0rkxX0CsxVl7L33XiDbagrap8PzH51dRtXLcaBlOzo0FFnJXdS6SOIeWTwscpcnQ==", "tweet"=>{"message"=>"test"}, "commit"=>"Send Tweet"}
  [1m[35mUser Load (0.4ms)[0m  SELECT  "users".* FROM "users" WHERE "users"."id" = $1 LIMIT 1  [["id", 1]]
  Rendered tweets/create.html.erb within layouts/application (0.5ms)
Completed 200 OK in 399ms (Views: 21.0ms | ActiveRecord: 0.4ms)


Started GET "/" for ::1 at 2016-10-13 11:36:12 -0400
  [1m[36mActiveRecord::SchemaMigration Load (0.5ms)[0m  [1mSELECT "schema_migrations".* FROM "schema_migrations"[0m
Processing by HomeController#show as HTML
  [1m[35mUser Load (0.8ms)[0m  SELECT  "users".* FROM "users" WHERE "users"."id" = $1 LIMIT 1  [["id", 1]]
  Rendered home/show.html.erb within layouts/application (19.0ms)
Completed 200 OK in 517ms (Views: 504.5ms | ActiveRecord: 4.4ms)


Started GET "/tweets/new" for ::1 at 2016-10-13 11:36:16 -0400
Processing by TweetsController#new as HTML
  Rendered tweets/new.html.erb within layouts/application (13.5ms)
  [1m[36mUser Load (0.4ms)[0m  [1mSELECT  "users".* FROM "users" WHERE "users"."id" = $1 LIMIT 1[0m  [["id", 1]]
Completed 200 OK in 59ms (Views: 56.8ms | ActiveRecord: 0.4ms)


Started GET "/" for ::1 at 2016-10-13 11:37:52 -0400
  [1m[36mActiveRecord::SchemaMigration Load (0.5ms)[0m  [1mSELECT "schema_migrations".* FROM "schema_migrations"[0m
Processing by HomeController#show as HTML
  [1m[35mUser Load (0.5ms)[0m  SELECT  "users".* FROM "users" WHERE "users"."id" = $1 LIMIT 1  [["id", 1]]
  Rendered home/show.html.erb within layouts/application (19.2ms)
Completed 200 OK in 341ms (Views: 324.2ms | ActiveRecord: 4.3ms)


Started GET "/assets/application.self-6ef63091408a2e3d1b951bdd0c86bc4a4c1491f1d14b2a8696ba774d6ba02e09.css?body=1" for ::1 at 2016-10-13 11:37:52 -0400


Started GET "/assets/bootstrap-sprockets" for ::1 at 2016-10-13 11:37:53 -0400


Started GET "/assets/bootstrap" for ::1 at 2016-10-13 11:37:53 -0400


Started GET "/tweets/new" for ::1 at 2016-10-13 11:37:55 -0400
Processing by TweetsController#new as HTML
  Rendered tweets/new.html.erb within layouts/application (26.6ms)
  [1m[36mUser Load (0.4ms)[0m  [1mSELECT  "users".* FROM "users" WHERE "users"."id" = $1 LIMIT 1[0m  [["id", 1]]
Completed 200 OK in 67ms (Views: 65.1ms | ActiveRecord: 0.4ms)


Started GET "/" for ::1 at 2016-10-13 11:40:11 -0400
  [1m[36mActiveRecord::SchemaMigration Load (0.5ms)[0m  [1mSELECT "schema_migrations".* FROM "schema_migrations"[0m
Processing by HomeController#show as HTML
  [1m[35mUser Load (0.5ms)[0m  SELECT  "users".* FROM "users" WHERE "users"."id" = $1 LIMIT 1  [["id", 1]]
  Rendered home/show.html.erb within layouts/application (22.6ms)
Completed 200 OK in 3061ms (Views: 3046.2ms | ActiveRecord: 5.2ms)


Started GET "/assets/custom.self-f0b127a490279954614e0634edd6de415d3d33b8efa82f30d80cdc5a642fdce0.css?body=1" for ::1 at 2016-10-13 11:40:14 -0400


Started GET "/assets/application.self-dae5c5da7223ce739ad497817a3df9ba2fa2840da302653b11558b4f7d98bfc3.css?body=1" for ::1 at 2016-10-13 11:40:15 -0400


Started GET "/tweets/new" for ::1 at 2016-10-13 11:40:19 -0400
Processing by TweetsController#new as HTML
  Rendered tweets/new.html.erb within layouts/application (9.3ms)
  [1m[36mUser Load (0.5ms)[0m  [1mSELECT  "users".* FROM "users" WHERE "users"."id" = $1 LIMIT 1[0m  [["id", 1]]
Completed 200 OK in 45ms (Views: 43.9ms | ActiveRecord: 0.5ms)


Started GET "/signout" for ::1 at 2016-10-13 11:40:33 -0400
Processing by SessionsController#destroy as HTML
Redirected to http://localhost:3000/
Completed 302 Found in 1ms (ActiveRecord: 0.0ms)


Started GET "/" for ::1 at 2016-10-13 11:40:33 -0400
Processing by HomeController#show as HTML
  Rendered home/show.html.erb within layouts/application (0.1ms)
Completed 200 OK in 36ms (Views: 35.6ms | ActiveRecord: 0.0ms)


Started GET "/auth/twitter?force_login=true" for ::1 at 2016-10-13 11:40:34 -0400


Started GET "/auth/twitter?force_login=true" for ::1 at 2016-10-13 11:40:35 -0400


Started GET "/" for ::1 at 2016-10-13 11:42:23 -0400
  [1m[36mActiveRecord::SchemaMigration Load (0.4ms)[0m  [1mSELECT "schema_migrations".* FROM "schema_migrations"[0m
Processing by HomeController#show as HTML
  Rendered home/show.html.erb within layouts/application (1.1ms)
Completed 200 OK in 1951ms (Views: 1942.4ms | ActiveRecord: 0.0ms)


Started GET "/assets/custom.self-2a6f3dabd57388ecd7227cd93d462c70fad57df791aeeca0f0e07b1455fd7da2.css?body=1" for ::1 at 2016-10-13 11:42:25 -0400


Started GET "/assets/home.self-e3b0c44298fc1c149afbf4c8996fb92427ae41e4649b934ca495991b7852b855.css?body=1" for ::1 at 2016-10-13 11:42:26 -0400


Started GET "/assets/sessions.self-e3b0c44298fc1c149afbf4c8996fb92427ae41e4649b934ca495991b7852b855.css?body=1" for ::1 at 2016-10-13 11:42:26 -0400


Started GET "/assets/tweets.self-e3b0c44298fc1c149afbf4c8996fb92427ae41e4649b934ca495991b7852b855.css?body=1" for ::1 at 2016-10-13 11:42:26 -0400


Started GET "/assets/application.self-dae5c5da7223ce739ad497817a3df9ba2fa2840da302653b11558b4f7d98bfc3.css?body=1" for ::1 at 2016-10-13 11:42:26 -0400


Started GET "/assets/jquery.self-660adc51e0224b731d29f575a6f1ec167ba08ad06ed5deca4f1e8654c135bf4c.js?body=1" for ::1 at 2016-10-13 11:42:26 -0400


Started GET "/assets/jquery_ujs.self-e87806d0cf4489aeb1bb7288016024e8de67fd18db693fe026fe3907581e53cd.js?body=1" for ::1 at 2016-10-13 11:42:26 -0400


Started GET "/assets/turbolinks.self-c5acd7a204f5f25ce7a1d8a0e4d92e28d34c9e2df2c7371cd7af88e147e4ad82.js?body=1" for ::1 at 2016-10-13 11:42:26 -0400


Started GET "/assets/home.self-877aef30ae1b040ab8a3aba4e3e309a11d7f2612f44dde450b5c157aa5f95c05.js?body=1" for ::1 at 2016-10-13 11:42:26 -0400


Started GET "/assets/sessions.self-877aef30ae1b040ab8a3aba4e3e309a11d7f2612f44dde450b5c157aa5f95c05.js?body=1" for ::1 at 2016-10-13 11:42:26 -0400


Started GET "/assets/tweets.self-877aef30ae1b040ab8a3aba4e3e309a11d7f2612f44dde450b5c157aa5f95c05.js?body=1" for ::1 at 2016-10-13 11:42:26 -0400


Started GET "/assets/application.self-3b8dabdc891efe46b9a144b400ad69e37d7e5876bdc39dee783419a69d7ca819.js?body=1" for ::1 at 2016-10-13 11:42:26 -0400


Started GET "/auth/twitter?force_login=true" for ::1 at 2016-10-13 11:42:30 -0400


Started GET "/auth/twitter?force_login=true" for ::1 at 2016-10-13 11:42:31 -0400


Started GET "/auth/twitter/callback?force_login=true&oauth_token=c5iDsQAAAAAAxd2fAAABV761i8A&oauth_verifier=FXXOPNeOKItWKu0TnKMT4kkna5PLa3K2" for ::1 at 2016-10-13 11:42:36 -0400
Processing by SessionsController#create as HTML
  Parameters: {"force_login"=>"true", "oauth_token"=>"c5iDsQAAAAAAxd2fAAABV761i8A", "oauth_verifier"=>"FXXOPNeOKItWKu0TnKMT4kkna5PLa3K2", "provider"=>"twitter"}
  [1m[35mUser Load (0.7ms)[0m  SELECT  "users".* FROM "users" WHERE "users"."provider" = $1 AND "users"."uid" = $2  ORDER BY "users"."id" ASC LIMIT 1  [["provider", "twitter"], ["uid", "224815943"]]
  [1m[36m (0.1ms)[0m  [1mBEGIN[0m
  [1m[35m (0.2ms)[0m  COMMIT
Redirected to http://localhost:3000/
Completed 302 Found in 32ms (ActiveRecord: 5.7ms)


Started GET "/" for ::1 at 2016-10-13 11:42:36 -0400
Processing by HomeController#show as HTML
  [1m[36mUser Load (0.3ms)[0m  [1mSELECT  "users".* FROM "users" WHERE "users"."id" = $1 LIMIT 1[0m  [["id", 1]]
  Rendered home/show.html.erb within layouts/application (4.4ms)
Completed 200 OK in 41ms (Views: 40.0ms | ActiveRecord: 0.3ms)
